<?xml version="1.0" encoding="UTF-8"?>
<!-- Generated by org.testng.reporters.JUnitReportReporter -->
<testsuite hostname="Jashwin-PC" failures="0" tests="1" name="AirlineTestPkge.TC8_SeatSelection_test2" time="63.344" errors="0" timestamp="2025-07-07T00:14:06 EDT" skipped="0">
  <testcase classname="AirlineTestPkge.TC8_SeatSelection_test2" name="TC8SeatSelection" time="63.344">
    <system-out>
      <![CDATA[One way selecte
Source city: Chennai
Destination city: Mumbai
switched to child window
Seat select & cliked Continue
Proceed btn clicked
Listener:Test is Pass]]>
    </system-out>
  </testcase> <!-- TC8SeatSelection -->
  <system-out>
    <![CDATA[Chrome browser launching
One way selecte
Source city: Chennai
Destination city: Mumbai
switched to child window
Seat select & cliked Continue
Proceed btn clicked
Listener:Test is Pass]]>
  </system-out>
</testsuite> <!-- AirlineTestPkge.TC8_SeatSelection_test2 -->
