<?xml version="1.0" encoding="UTF-8"?>
<!-- Generated by org.testng.reporters.JUnitReportReporter -->
<testsuite hostname="Jashwin-PC" failures="0" tests="1" name="AirlineTestPkge.TC7_MutliCityPage" time="20.697" errors="0" timestamp="2025-07-04T00:18:52 EDT" skipped="0">
  <testcase classname="AirlineTestPkge.TC7_MutliCityPage" name="TC7MutliCityPage" time="20.697">
    <system-out>
      <![CDATA[MutliCity Select
First Source to Destination city Chennai toDubai
Second Source to Destination city Dubai toChennai
Listener:Test is Pass]]>
    </system-out>
  </testcase> <!-- TC7MutliCityPage -->
  <system-out>
    <![CDATA[Chrome browser launching
MutliCity Select
First Source to Destination city Chennai toDubai
Second Source to Destination city Dubai toChennai
Listener:Test is Pass]]>
  </system-out>
</testsuite> <!-- AirlineTestPkge.TC7_MutliCityPage -->
