<?xml version="1.0" encoding="UTF-8"?>
<!-- Generated by org.testng.reporters.JUnitReportReporter -->
<testsuite hostname="Jashwin-PC" failures="0" tests="1" name="AirlineTestPkge.TC12_LoginLogout" time="30.178" errors="0" timestamp="2025-07-07T13:27:41 EDT" skipped="0">
  <testcase classname="AirlineTestPkge.TC12_LoginLogout" name="TC12LoginLogout" time="30.178">
    <system-out>
      <![CDATA[Successfully logged in Hi Sathiyaa
Listener:Test is Pass]]>
    </system-out>
  </testcase> <!-- TC12LoginLogout -->
  <system-out>
    <![CDATA[Chrome browser launching
Successfully logged in Hi Sathiyaa
Listener:Test is Pass]]>
  </system-out>
</testsuite> <!-- AirlineTestPkge.TC12_LoginLogout -->
