<?xml version="1.0" encoding="UTF-8"?>
<!-- Generated by org.testng.reporters.JUnitReportReporter -->
<testsuite hostname="Jashwin-PC" failures="0" tests="1" name="AirlineTestPkge.TC14_DomesticRoundTrip" time="16.277" errors="0" timestamp="2025-07-04T00:30:40 EDT" skipped="0">
  <testcase classname="AirlineTestPkge.TC14_DomesticRoundTrip" name="DomesticRoundTripPage" time="16.277">
    <system-out>
      <![CDATA[Round trip is selected
Source city: Chennai
Destination city: Mumbai
Listener:Test is Pass]]>
    </system-out>
  </testcase> <!-- DomesticRoundTripPage -->
  <system-out>
    <![CDATA[Chrome browser launching
Round trip is selected
Source city: Chennai
Destination city: Mumbai
Listener:Test is Pass]]>
  </system-out>
</testsuite> <!-- AirlineTestPkge.TC14_DomesticRoundTrip -->
