<?xml version="1.0" encoding="UTF-8"?>
<!-- Generated by org.testng.reporters.JUnitReportReporter -->
<testsuite hostname="Jashwin-PC" failures="0" tests="1" name="AirlineTestPkge.TC3_ValidLoginPage" time="10.434" errors="0" timestamp="2025-06-28T14:51:48 EDT" skipped="0">
  <testcase classname="AirlineTestPkge.TC3_ValidLoginPage" name="testAirlineRegistration" time="10.434"/>
  <system-out>
    <![CDATA[Edge browser launching]]>
  </system-out>
</testsuite> <!-- AirlineTestPkge.TC3_ValidLoginPage -->
