<?xml version="1.0" encoding="UTF-8"?>
<!-- Generated by org.testng.reporters.JUnitReportReporter -->
<testsuite hostname="Jashwin-PC" failures="0" tests="1" name="AirlineTestPkge.TC8_SeatSelection_test2" time="68.257" errors="0" timestamp="2025-07-04T23:03:36 EDT" skipped="0">
  <testcase classname="AirlineTestPkge.TC8_SeatSelection_test2" name="TC8SeatSelection" time="68.257">
    <system-out>
      <![CDATA[One way selecte
Source city: Bengaluru
Destination city: Chennai
switched to child window
Seat select & cliked Continue
Proceed btn clicked]]>
    </system-out>
  </testcase> <!-- TC8SeatSelection -->
  <system-out>
    <![CDATA[Chrome browser launching
One way selecte
Source city: Bengaluru
Destination city: Chennai
switched to child window
Seat select & cliked Continue
Proceed btn clicked]]>
  </system-out>
</testsuite> <!-- AirlineTestPkge.TC8_SeatSelection_test2 -->
