<?xml version="1.0" encoding="UTF-8"?>
<!-- Generated by org.testng.reporters.JUnitReportReporter -->
<testsuite hostname="Jashwin-PC" failures="0" tests="1" name="AirlineTestPkge.TC8_SeatSelection" time="23.809" errors="0" timestamp="2025-07-06T23:52:10 EDT" skipped="0">
  <testcase classname="AirlineTestPkge.TC8_SeatSelection" name="TC8SeatSelection" time="23.809">
    <system-out>
      <![CDATA[One way selecte
Source city: Bengaluru
Destination city: Chennai
switched to child window]]>
    </system-out>
  </testcase> <!-- TC8SeatSelection -->
  <system-out>
    <![CDATA[Chrome browser launching
One way selecte
Source city: Bengaluru
Destination city: Chennai
switched to child window]]>
  </system-out>
</testsuite> <!-- AirlineTestPkge.TC8_SeatSelection -->
