<?xml version="1.0" encoding="UTF-8"?>
<!-- Generated by org.testng.reporters.JUnitReportReporter -->
<testsuite hostname="Jashwin-PC" failures="0" tests="1" name="AirlineTestPkge.TC10_testlogin" time="14.299" errors="0" timestamp="2025-06-30T00:07:30 EDT" skipped="0">
  <testcase classname="AirlineTestPkge.TC10_testlogin" name="VeriyUsercanLoginSuccessfuly" time="14.299"/>
  <system-out>
    <![CDATA[Chrome browser launching]]>
  </system-out>
</testsuite> <!-- AirlineTestPkge.TC10_testlogin -->
