<?xml version="1.0" encoding="UTF-8"?>
<!-- Generated by org.testng.reporters.JUnitReportReporter -->
<testsuite hostname="Jashwin-PC" failures="0" tests="1" name="AirlineTestPkge.TC1_OnewayPage" time="10.025" errors="0" timestamp="2025-06-26T11:11:07 EDT" skipped="0">
  <testcase classname="AirlineTestPkge.TC1_OnewayPage" name="testAirlineRegistration" time="10.025">
    <system-out>
      <![CDATA[200-OK]]>
    </system-out>
  </testcase> <!-- testAirlineRegistration -->
  <system-out>
    <![CDATA[Chrome browser launching
200-OK]]>
  </system-out>
</testsuite> <!-- AirlineTestPkge.TC1_OnewayPage -->
