<?xml version="1.0" encoding="UTF-8"?>
<!-- Generated by org.testng.reporters.JUnitReportReporter -->
<testsuite hostname="Jashwin-PC" failures="0" tests="1" name="AirlineTestPkge.TC11_validateafterBooking" time="27.362" errors="0" timestamp="2025-07-04T00:26:14 EDT" skipped="0">
  <testcase classname="AirlineTestPkge.TC11_validateafterBooking" name="TC11validateAfterBook" time="27.362">
    <system-out>
      <![CDATA[One way selecte
Source city: Dubai
Destination city: Chennai
switched to child window]]>
    </system-out>
  </testcase> <!-- TC11validateAfterBook -->
  <system-out>
    <![CDATA[Chrome browser launching
One way selecte
Source city: Dubai
Destination city: Chennai
switched to child window]]>
  </system-out>
</testsuite> <!-- AirlineTestPkge.TC11_validateafterBooking -->
