<?xml version="1.0" encoding="UTF-8"?>
<!-- Generated by org.testng.reporters.JUnitReportReporter -->
<testsuite hostname="Jashwin-PC" failures="0" tests="1" name="AirlineTestPkge.TC13_ApplyPromo" time="30.062" errors="0" timestamp="2025-07-04T00:28:23 EDT" skipped="0">
  <testcase classname="AirlineTestPkge.TC13_ApplyPromo" name="TC13ApplyPromo" time="30.062">
    <system-out>
      <![CDATA[One way selecte
Source city: Dubai
Destination city: Chennai
switched to child window
Verified promo codes
Listener:Test is Pass]]>
    </system-out>
  </testcase> <!-- TC13ApplyPromo -->
  <system-out>
    <![CDATA[Chrome browser launching
One way selecte
Source city: Dubai
Destination city: Chennai
switched to child window
Verified promo codes
Listener:Test is Pass]]>
  </system-out>
</testsuite> <!-- AirlineTestPkge.TC13_ApplyPromo -->
