<?xml version="1.0" encoding="UTF-8"?>
<!-- Generated by org.testng.reporters.JUnitReportReporter -->
<testsuite hostname="Jashwin-PC" failures="0" tests="1" name="AirlineTestPkge.TC15_PaymentPage" time="80.903" errors="0" timestamp="2025-07-05T11:32:35 EDT" skipped="0">
  <testcase classname="AirlineTestPkge.TC15_PaymentPage" name="PaymentPage" time="80.903">
    <system-out>
      <![CDATA[One way selecte
Source city: Bengaluru
Destination city: Chennai
switched to child window
Seat select & cliked Continue
Proceed btn clicked
Entered Card details
Billing Address]]>
    </system-out>
  </testcase> <!-- PaymentPage -->
  <system-out>
    <![CDATA[Chrome browser launching
One way selecte
Source city: Bengaluru
Destination city: Chennai
switched to child window
Seat select & cliked Continue
Proceed btn clicked
Entered Card details
Billing Address]]>
  </system-out>
</testsuite> <!-- AirlineTestPkge.TC15_PaymentPage -->
