<?xml version="1.0" encoding="UTF-8"?>
<!-- Generated by org.testng.reporters.JUnitReportReporter -->
<testsuite hostname="Jashwin-PC" failures="0" tests="2" name="AirlineTestPkge.TC12_LoginLogout" time="49.960" errors="0" timestamp="2025-07-04T00:27:39 EDT" skipped="1">
  <testcase classname="AirlineTestPkge.TC12_LoginLogout" name="TC12LoginLogout" time="16.380">
    <skipped/>
    <system-out>
      <![CDATA[Listener:Test is skiped]]>
    </system-out>
  </testcase> <!-- TC12LoginLogout -->
  <testcase classname="AirlineTestPkge.TC12_LoginLogout" name="TC12LoginLogout" time="33.580">
    <system-out>
      <![CDATA[Successfully logged in Hi Sathiyaa
Listener:Test is Pass]]>
    </system-out>
  </testcase> <!-- TC12LoginLogout -->
  <system-out>
    <![CDATA[Chrome browser launching
Listener:Test is skiped
Chrome browser launching
Successfully logged in Hi Sathiyaa
Listener:Test is Pass]]>
  </system-out>
</testsuite> <!-- AirlineTestPkge.TC12_LoginLogout -->
