<?xml version="1.0" encoding="UTF-8"?>
<!-- Generated by org.testng.reporters.JUnitReportReporter -->
<testsuite hostname="Jashwin-PC" failures="0" tests="1" name="AirlineTestPkge.TC10_ValidateFlightInformation" time="29.352" errors="0" timestamp="2025-07-04T00:25:10 EDT" skipped="0">
  <testcase classname="AirlineTestPkge.TC10_ValidateFlightInformation" name="TC10ValidateFlightInformation" time="29.352">
    <system-out>
      <![CDATA[One way selecte
Source city: Chennai
Destination city: toronto
flightDetails
FareSummary
cancellation
Listener:Test is Pass]]>
    </system-out>
  </testcase> <!-- TC10ValidateFlightInformation -->
  <system-out>
    <![CDATA[Chrome browser launching
One way selecte
Source city: Chennai
Destination city: toronto
flightDetails
FareSummary
cancellation
Listener:Test is Pass]]>
  </system-out>
</testsuite> <!-- AirlineTestPkge.TC10_ValidateFlightInformation -->
