<?xml version="1.0" encoding="UTF-8"?>
<!-- Generated by org.testng.reporters.JUnitReportReporter -->
<testsuite hostname="Jashwin-PC" failures="0" tests="1" name="AirlineTestPkge.TC3_InvalidLoginPage" time="6.679" errors="0" timestamp="2025-07-04T00:15:19 EDT" skipped="0">
  <testcase classname="AirlineTestPkge.TC3_InvalidLoginPage" name="testAirlineLoginPage2" time="6.679">
    <system-out>
      <![CDATA[Listener:Test is Pass]]>
    </system-out>
  </testcase> <!-- testAirlineLoginPage2 -->
  <system-out>
    <![CDATA[Chrome browser launching
Listener:Test is Pass]]>
  </system-out>
</testsuite> <!-- AirlineTestPkge.TC3_InvalidLoginPage -->
