<?xml version="1.0" encoding="UTF-8"?>
<!-- Generated by org.testng.reporters.JUnitReportReporter -->
<testsuite hostname="Jashwin-PC" failures="0" tests="1" name="AirlineTestPkge.TC4_OnewayPage" time="14.054" errors="0" timestamp="2025-07-04T00:16:14 EDT" skipped="0">
  <testcase classname="AirlineTestPkge.TC4_OnewayPage" name="TC4OnewayPage" time="14.054">
    <system-out>
      <![CDATA[One way selecte
Source city: Dubai
Destination city: Chennai
Listener:Test is Pass]]>
    </system-out>
  </testcase> <!-- TC4OnewayPage -->
  <system-out>
    <![CDATA[Chrome browser launching
One way selecte
Source city: Dubai
Destination city: Chennai
Listener:Test is Pass]]>
  </system-out>
</testsuite> <!-- AirlineTestPkge.TC4_OnewayPage -->
