<?xml version="1.0" encoding="UTF-8"?>
<!-- Generated by org.testng.reporters.JUnitReportReporter -->
<testsuite hostname="Jashwin-PC" failures="0" tests="1" name="AirlineTestPkge.TC9_PassangerMultiplePage2" time="13.704" errors="0" timestamp="2025-07-04T00:23:25 EDT" skipped="0">
  <testcase classname="AirlineTestPkge.TC9_PassangerMultiplePage2" name="TC9MultPassngSigleBooking" time="13.704">
    <system-out>
      <![CDATA[One way selecte
Source city: Chennai
Destination city: Mumbai
2Passanger selected]]>
    </system-out>
  </testcase> <!-- TC9MultPassngSigleBooking -->
  <system-out>
    <![CDATA[Chrome browser launching
One way selecte
Source city: Chennai
Destination city: Mumbai
2Passanger selected]]>
  </system-out>
</testsuite> <!-- AirlineTestPkge.TC9_PassangerMultiplePage2 -->
