<?xml version="1.0" encoding="UTF-8"?>
<!-- Generated by org.testng.reporters.JUnitReportReporter -->
<testsuite hostname="Jashwin-PC" failures="0" tests="1" name="AirlineTestPkge.TC2_Login2" time="13.850" errors="0" timestamp="2025-07-04T00:14:43 EDT" skipped="0">
  <testcase classname="AirlineTestPkge.TC2_Login2" name="TC2_LoginwithvalidCred" time="13.850">
    <system-out>
      <![CDATA[Successfully logged in Hi Sathiyaa
Listener:Test is Pass]]>
    </system-out>
  </testcase> <!-- TC2_LoginwithvalidCred -->
  <system-out>
    <![CDATA[Chrome browser launching
Successfully logged in Hi Sathiyaa
Listener:Test is Pass]]>
  </system-out>
</testsuite> <!-- AirlineTestPkge.TC2_Login2 -->
