<?xml version="1.0" encoding="UTF-8"?>
<!-- Generated by org.testng.reporters.JUnitReportReporter -->
<testsuite hostname="Jashwin-PC" failures="0" tests="1" name="AirlineTestPkge.TC6_TravelClassPage" time="18.330" errors="0" timestamp="2025-07-04T00:18:09 EDT" skipped="0">
  <testcase classname="AirlineTestPkge.TC6_TravelClassPage" name="TC6TravelClassPage" time="18.330">
    <system-out>
      <![CDATA[One way selecte
Source city: Chennai
Destination city: Mumbai
Economy selected
Economy class results validated successfully.
Listener:Test is Pass]]>
    </system-out>
  </testcase> <!-- TC6TravelClassPage -->
  <system-out>
    <![CDATA[Chrome browser launching
One way selecte
Source city: Chennai
Destination city: Mumbai
Economy selected
Economy class results validated successfully.
Listener:Test is Pass]]>
  </system-out>
</testsuite> <!-- AirlineTestPkge.TC6_TravelClassPage -->
