<?xml version="1.0" encoding="UTF-8"?>
<!-- Generated by org.testng.reporters.JUnitReportReporter -->
<testsuite hostname="Jashwin-PC" failures="0" tests="1" name="AirlineTestPkge.TC4_OnewayPage" time="20.117" errors="0" timestamp="2025-07-08T15:13:30 EDT" skipped="0">
  <testcase classname="AirlineTestPkge.TC4_OnewayPage" name="TC4OnewayPage" time="20.117">
    <system-out>
      <![CDATA[Successfully logged in Hi Sathiyaa
One way selecte
Source city: Dubai
Destination city: Chennai
Listener:Test is Pass]]>
    </system-out>
  </testcase> <!-- TC4OnewayPage -->
  <system-out>
    <![CDATA[Chrome browser launching
Successfully logged in Hi Sathiyaa
One way selecte
Source city: Dubai
Destination city: Chennai
Listener:Test is Pass]]>
  </system-out>
</testsuite> <!-- AirlineTestPkge.TC4_OnewayPage -->
