<?xml version="1.0" encoding="UTF-8"?>
<!-- Generated by org.testng.reporters.JUnitReportReporter -->
<testsuite hostname="Jashwin-PC" failures="0" tests="1" name="AirlineTestPkge.TC1_Registration" time="12.350" errors="0" timestamp="2025-07-04T00:12:54 EDT" skipped="0">
  <testcase classname="AirlineTestPkge.TC1_Registration" name="Registration" time="12.350">
    <system-out>
      <![CDATA[Successfully logged in Hi Sathiyaa
Listener:Test is Pass]]>
    </system-out>
  </testcase> <!-- Registration -->
  <system-out>
    <![CDATA[Chrome browser launching
Successfully logged in Hi Sathiyaa
Listener:Test is Pass]]>
  </system-out>
</testsuite> <!-- AirlineTestPkge.TC1_Registration -->
