<?xml version="1.0" encoding="UTF-8"?>
<!-- Generated by org.testng.reporters.JUnitReportReporter -->
<testsuite hostname="Jashwin-PC" failures="0" tests="1" name="AirlineTestPkge.TC5_RoundTripPage" time="15.701" errors="0" timestamp="2025-07-04T00:17:16 EDT" skipped="0">
  <testcase classname="AirlineTestPkge.TC5_RoundTripPage" name="RoundTripPage" time="15.701">
    <system-out>
      <![CDATA[Round trip is selected
Source city: Chennai
Destination city: Dubai
Listener:Test is Pass]]>
    </system-out>
  </testcase> <!-- RoundTripPage -->
  <system-out>
    <![CDATA[Chrome browser launching
Round trip is selected
Source city: Chennai
Destination city: Dubai
Listener:Test is Pass]]>
  </system-out>
</testsuite> <!-- AirlineTestPkge.TC5_RoundTripPage -->
