<?xml version="1.0" encoding="UTF-8"?>
<!-- Generated by org.testng.reporters.JUnitReportReporter -->
<testsuite hostname="Jashwin-PC" failures="0" tests="1" name="AirlineTestPkge.TC4_OnewayPage" time="14.369" errors="0" timestamp="2025-07-03T22:52:03 EDT" skipped="0">
  <testcase classname="AirlineTestPkge.TC4_OnewayPage" name="TC4OnewayPage" time="14.369">
    <system-out>
      <![CDATA[One way selecte
Source city: Dubai
Destination city: Chennai
Listener:Test is Pass]]>
    </system-out>
  </testcase> <!-- TC4OnewayPage -->
  <system-out>
    <![CDATA[Chrome browser launching
Successfully logged in Hi Sathiyaa
Listener:Test is Pass
Chrome browser launching
Listener:Test is Pass
Chrome browser launching
One way selecte
Source city: Dubai
Destination city: Chennai
Listener:Test is Pass
Chrome browser launching
Round trip is selected
Source city: Chennai
Destination city: Dubai
Listener:Test is Pass
Chrome browser launching
One way selecte
Source city: Chennai
Destination city: Mumbai
Economy selected
Economy class results validated successfully.
Listener:Test is Pass
Chrome browser launching
MutliCity Select
First Source to Destination city Chennai toDubai
Second Source to Destination city Dubai toChennai
Listener:Test is Pass
Chrome browser launching
One way selecte
Source city: Bengaluru
Destination city: Chennai
switched to child window
Listener:Test is Fail
Chrome browser launching
One way selecte
Source city: Chennai
Destination city: Mumbai
2Passanger selected
Listener:Test is Pass
Chrome browser launching
One way selecte
Source city: Chennai
Destination city: toronto
flightDetails
FareSummary
cancellation
Listener:Test is Pass
Chrome browser launching
One way selecte
Source city: Dubai
Destination city: Chennai
switched to child window
Listener:Test is Pass
Chrome browser launching
Listener:Test is Pass
Chrome browser launching
One way selecte
Source city: Dubai
Destination city: Chennai
switched to child window
Verified promo codes
Listener:Test is Pass
Chrome browser launching
Round trip is selected
Source city: Chennai
Destination city: Mumbai
Listener:Test is Pass]]>
  </system-out>
</testsuite> <!-- AirlineTestPkge.TC4_OnewayPage -->
