<?xml version="1.0" encoding="UTF-8"?>
<!-- Generated by org.testng.reporters.JUnitReportReporter -->
<testsuite hostname="Jashwin-PC" failures="0" tests="1" name="AirlineTestPkge.TC3_InvalidLoginPage" time="7.165" errors="0" timestamp="2025-07-07T00:25:37 EDT" skipped="0">
  <testcase classname="AirlineTestPkge.TC3_InvalidLoginPage" name="testAirlineLoginPage2" time="7.165">
    <system-out>
      <![CDATA[Listener:Test is Pass]]>
    </system-out>
  </testcase> <!-- testAirlineLoginPage2 -->
  <system-out>
    <![CDATA[Chrome browser launching
Successfully logged in Hi Sathiyaa
Listener:Test is Pass
Chrome browser launching
Listener:Test is Pass
Chrome browser launching
One way selecte
Source city: Dubai
Destination city: Chennai
Listener:Test is Pass
Chrome browser launching
Round trip is selected
Source city: Chennai
Destination city: Dubai
Listener:Test is Pass
Chrome browser launching
One way selecte
Source city: Chennai
Destination city: Mumbai
Economy selected
Economy class results validated successfully.
Listener:Test is Pass
Chrome browser launching
MutliCity Select
First Source to Destination city Chennai toDubai
Second Source to Destination city Dubai toChennai
Listener:Test is Pass
Chrome browser launching
One way selecte
Source city: Chennai
Destination city: Mumbai
switched to child window
Seat select & cliked Continue
Proceed btn clicked
Listener:Test is Pass
Chrome browser launching
One way selecte
Source city: Chennai
Destination city: Mumbai
2Passanger selected
Listener:Test is Pass
Chrome browser launching
One way selecte
Source city: Chennai
Destination city: toronto
flightDetails
FareSummary
cancellation
Listener:Test is Pass
Chrome browser launching
One way selecte
Source city: Dubai
Destination city: Chennai
switched to child window
Listener:Test is Pass
Chrome browser launching
Successfully logged in Hi Sathiyaa
Listener:Test is Pass
Chrome browser launching
One way selecte
Source city: Dubai
Destination city: Chennai
switched to child window
Verified promo codes
Listener:Test is Pass
Chrome browser launching
Round trip is selected
Source city: Chennai
Destination city: Mumbai
Listener:Test is Pass
Chrome browser launching
One way selecte
Source city: Chennai
Destination city: Mumbai
switched to child window
Seat select & cliked Continue
Proceed btn clicked
Entered Card details
Billing Address
Listener:Test is Pass]]>
  </system-out>
</testsuite> <!-- AirlineTestPkge.TC3_InvalidLoginPage -->
